<?xml version="1.0" encoding="utf-8"?>
<coverage line-rate="0.019299999999999998" branch-rate="0.0025" version="1.9" timestamp="1580769147" lines-covered="14" lines-valid="723" branches-covered="1" branches-valid="399">
  <sources>
    <source></source>
  </sources>
  <packages>
    <package name="EmployeeLib" line-rate="0.7368000000000001" branch-rate="0.5" complexity="15">
      <classes>
        <class name="EmployeeLib.Department" filename="C:\Revature\emsproj\EMS\EmployeeLib\Department.cs" line-rate="0" branch-rate="1" complexity="3">
          <methods>
            <method name="get_Id" signature="()" line-rate="0" branch-rate="1">
              <lines>
                <line number="9" hits="0" branch="False" />
              </lines>
            </method>
            <method name="get_Name" signature="()" line-rate="0" branch-rate="1">
              <lines>
                <line number="10" hits="0" branch="False" />
              </lines>
            </method>
            <method name="get_Phone" signature="()" line-rate="0" branch-rate="1">
              <lines>
                <line number="11" hits="0" branch="False" />
              </lines>
            </method>
          </methods>
          <lines>
            <line number="9" hits="0" branch="False" />
            <line number="10" hits="0" branch="False" />
            <line number="11" hits="0" branch="False" />
          </lines>
        </class>
        <class name="EmployeeLib.Employee" filename="C:\Revature\emsproj\EMS\EmployeeLib\Employee.cs" line-rate="0.875" branch-rate="0.5" complexity="12">
          <methods>
            <method name="get_Id" signature="()" line-rate="1" branch-rate="1">
              <lines>
                <line number="7" hits="2" branch="False" />
              </lines>
            </method>
            <method name="get_Age" signature="()" line-rate="1" branch-rate="1">
              <lines>
                <line number="8" hits="2" branch="False" />
              </lines>
            </method>
            <method name="get_Startdate" signature="()" line-rate="1" branch-rate="1">
              <lines>
                <line number="9" hits="2" branch="False" />
              </lines>
            </method>
            <method name="get_Salary" signature="()" line-rate="1" branch-rate="1">
              <lines>
                <line number="10" hits="2" branch="False" />
              </lines>
            </method>
            <method name="get_Ssn" signature="()" line-rate="1" branch-rate="1">
              <lines>
                <line number="11" hits="2" branch="False" />
              </lines>
            </method>
            <method name="get_Deptid" signature="()" line-rate="1" branch-rate="1">
              <lines>
                <line number="12" hits="2" branch="False" />
              </lines>
            </method>
            <method name="get_Fname" signature="()" line-rate="1" branch-rate="1">
              <lines>
                <line number="13" hits="3" branch="False" />
              </lines>
            </method>
            <method name="get_Lname" signature="()" line-rate="1" branch-rate="1">
              <lines>
                <line number="14" hits="3" branch="False" />
              </lines>
            </method>
            <method name="get_Mname" signature="()" line-rate="1" branch-rate="1">
              <lines>
                <line number="15" hits="1" branch="False" />
              </lines>
            </method>
            <method name="get_FullName" signature="()" line-rate="0.8332999999999999" branch-rate="0.5">
              <lines>
                <line number="17" hits="1" branch="False" />
                <line number="18" hits="1" branch="True" condition-coverage="50% (1/2)">
                  <conditions>
                    <condition number="12" type="jump" coverage="50%" />
                  </conditions>
                </line>
                <line number="19" hits="0" branch="False" />
                <line number="22" hits="1" branch="False" />
                <line number="23" hits="1" branch="False" />
                <line number="26" hits="1" branch="False" />
              </lines>
            </method>
            <method name="get_department" signature="()" line-rate="0" branch-rate="1">
              <lines>
                <line number="28" hits="0" branch="False" />
              </lines>
            </method>
          </methods>
          <lines>
            <line number="7" hits="2" branch="False" />
            <line number="8" hits="2" branch="False" />
            <line number="9" hits="2" branch="False" />
            <line number="10" hits="2" branch="False" />
            <line number="11" hits="2" branch="False" />
            <line number="12" hits="2" branch="False" />
            <line number="13" hits="3" branch="False" />
            <line number="14" hits="3" branch="False" />
            <line number="15" hits="1" branch="False" />
            <line number="17" hits="1" branch="False" />
            <line number="18" hits="1" branch="True" condition-coverage="50% (1/2)">
              <conditions>
                <condition number="12" type="jump" coverage="50%" />
              </conditions>
            </line>
            <line number="19" hits="0" branch="False" />
            <line number="22" hits="1" branch="False" />
            <line number="23" hits="1" branch="False" />
            <line number="26" hits="1" branch="False" />
            <line number="28" hits="0" branch="False" />
          </lines>
        </class>
      </classes>
    </package>
    <package name="EMS_Data" line-rate="0" branch-rate="0" complexity="61">
      <classes>
        <class name="EmployeeDataAccess.Mapper" filename="C:\Revature\emsproj\EMS\EMS_Data\Mapper.cs" line-rate="0" branch-rate="1" complexity="4">
          <methods>
            <method name="Map" signature="(EMS_Data.Models.Employee)" line-rate="0" branch-rate="1">
              <lines>
                <line number="11" hits="0" branch="False" />
                <line number="12" hits="0" branch="False" />
                <line number="13" hits="0" branch="False" />
                <line number="14" hits="0" branch="False" />
                <line number="15" hits="0" branch="False" />
                <line number="16" hits="0" branch="False" />
                <line number="17" hits="0" branch="False" />
                <line number="18" hits="0" branch="False" />
                <line number="19" hits="0" branch="False" />
                <line number="20" hits="0" branch="False" />
                <line number="21" hits="0" branch="False" />
                <line number="22" hits="0" branch="False" />
                <line number="23" hits="0" branch="False" />
                <line number="24" hits="0" branch="False" />
                <line number="25" hits="0" branch="False" />
              </lines>
            </method>
            <method name="Map" signature="(EmployeeLib.Employee)" line-rate="0" branch-rate="1">
              <lines>
                <line number="27" hits="0" branch="False" />
                <line number="28" hits="0" branch="False" />
                <line number="29" hits="0" branch="False" />
                <line number="30" hits="0" branch="False" />
                <line number="31" hits="0" branch="False" />
                <line number="32" hits="0" branch="False" />
                <line number="33" hits="0" branch="False" />
                <line number="34" hits="0" branch="False" />
                <line number="35" hits="0" branch="False" />
                <line number="36" hits="0" branch="False" />
                <line number="37" hits="0" branch="False" />
                <line number="38" hits="0" branch="False" />
                <line number="39" hits="0" branch="False" />
                <line number="40" hits="0" branch="False" />
              </lines>
            </method>
            <method name="Map" signature="(EMS_Data.Models.Department)" line-rate="0" branch-rate="1">
              <lines>
                <line number="43" hits="0" branch="False" />
                <line number="44" hits="0" branch="False" />
                <line number="45" hits="0" branch="False" />
                <line number="46" hits="0" branch="False" />
                <line number="47" hits="0" branch="False" />
                <line number="48" hits="0" branch="False" />
                <line number="49" hits="0" branch="False" />
                <line number="50" hits="0" branch="False" />
              </lines>
            </method>
            <method name="Map" signature="(EmployeeLib.Department)" line-rate="0" branch-rate="1">
              <lines>
                <line number="52" hits="0" branch="False" />
                <line number="53" hits="0" branch="False" />
                <line number="54" hits="0" branch="False" />
                <line number="55" hits="0" branch="False" />
                <line number="56" hits="0" branch="False" />
                <line number="57" hits="0" branch="False" />
                <line number="58" hits="0" branch="False" />
                <line number="59" hits="0" branch="False" />
              </lines>
            </method>
          </methods>
          <lines>
            <line number="11" hits="0" branch="False" />
            <line number="12" hits="0" branch="False" />
            <line number="13" hits="0" branch="False" />
            <line number="14" hits="0" branch="False" />
            <line number="15" hits="0" branch="False" />
            <line number="16" hits="0" branch="False" />
            <line number="17" hits="0" branch="False" />
            <line number="18" hits="0" branch="False" />
            <line number="19" hits="0" branch="False" />
            <line number="20" hits="0" branch="False" />
            <line number="21" hits="0" branch="False" />
            <line number="22" hits="0" branch="False" />
            <line number="23" hits="0" branch="False" />
            <line number="24" hits="0" branch="False" />
            <line number="25" hits="0" branch="False" />
            <line number="27" hits="0" branch="False" />
            <line number="28" hits="0" branch="False" />
            <line number="29" hits="0" branch="False" />
            <line number="30" hits="0" branch="False" />
            <line number="31" hits="0" branch="False" />
            <line number="32" hits="0" branch="False" />
            <line number="33" hits="0" branch="False" />
            <line number="34" hits="0" branch="False" />
            <line number="35" hits="0" branch="False" />
            <line number="36" hits="0" branch="False" />
            <line number="37" hits="0" branch="False" />
            <line number="38" hits="0" branch="False" />
            <line number="39" hits="0" branch="False" />
            <line number="40" hits="0" branch="False" />
            <line number="43" hits="0" branch="False" />
            <line number="44" hits="0" branch="False" />
            <line number="45" hits="0" branch="False" />
            <line number="46" hits="0" branch="False" />
            <line number="47" hits="0" branch="False" />
            <line number="48" hits="0" branch="False" />
            <line number="49" hits="0" branch="False" />
            <line number="50" hits="0" branch="False" />
            <line number="52" hits="0" branch="False" />
            <line number="53" hits="0" branch="False" />
            <line number="54" hits="0" branch="False" />
            <line number="55" hits="0" branch="False" />
            <line number="56" hits="0" branch="False" />
            <line number="57" hits="0" branch="False" />
            <line number="58" hits="0" branch="False" />
            <line number="59" hits="0" branch="False" />
          </lines>
        </class>
        <class name="EMS_Data.Repository.RepositoryEmployee" filename="C:\Revature\emsproj\EMS\EMS_Data\Respositories\RepositoryEmployee.cs" line-rate="0" branch-rate="0" complexity="13">
          <methods>
            <method name="AddEmployee" signature="(EmployeeLib.Employee)" line-rate="0" branch-rate="0">
              <lines>
                <line number="25" hits="0" branch="False" />
                <line number="26" hits="0" branch="True" condition-coverage="0% (0/4)">
                  <conditions>
                    <condition number="143" type="jump" coverage="0%" />
                    <condition number="164" type="jump" coverage="0%" />
                  </conditions>
                </line>
                <line number="27" hits="0" branch="False" />
                <line number="28" hits="0" branch="False" />
                <line number="29" hits="0" branch="False" />
                <line number="32" hits="0" branch="False" />
                <line number="33" hits="0" branch="False" />
                <line number="34" hits="0" branch="False" />
              </lines>
            </method>
            <method name="GetEmployees" signature="()" line-rate="0" branch-rate="1">
              <lines>
                <line number="37" hits="0" branch="False" />
                <line number="38" hits="0" branch="False" />
                <line number="39" hits="0" branch="False" />
                <line number="41" hits="0" branch="False" />
                <line number="42" hits="0" branch="False" />
              </lines>
            </method>
            <method name="GetEmployeeById" signature="(System.Int32)" line-rate="0" branch-rate="1">
              <lines>
                <line number="44" hits="0" branch="False" />
                <line number="45" hits="0" branch="False" />
                <line number="46" hits="0" branch="False" />
                <line number="47" hits="0" branch="False" />
                <line number="48" hits="0" branch="False" />
              </lines>
            </method>
            <method name="ModifyEmployee" signature="(EmployeeLib.Employee)" line-rate="0" branch-rate="0">
              <lines>
                <line number="51" hits="0" branch="False" />
                <line number="52" hits="0" branch="True" condition-coverage="0% (0/2)">
                  <conditions>
                    <condition number="145" type="jump" coverage="0%" />
                  </conditions>
                </line>
                <line number="53" hits="0" branch="False" />
                <line number="54" hits="0" branch="False" />
                <line number="55" hits="0" branch="False" />
                <line number="56" hits="0" branch="False" />
                <line number="57" hits="0" branch="False" />
                <line number="58" hits="0" branch="False" />
                <line number="60" hits="0" branch="False" />
                <line number="61" hits="0" branch="False" />
                <line number="62" hits="0" branch="False" />
                <line number="64" hits="0" branch="False" />
              </lines>
            </method>
            <method name="RemoveEmployee" signature="(System.Int32)" line-rate="0" branch-rate="0">
              <lines>
                <line number="67" hits="0" branch="False" />
                <line number="68" hits="0" branch="False" />
                <line number="69" hits="0" branch="True" condition-coverage="0% (0/2)">
                  <conditions>
                    <condition number="140" type="jump" coverage="0%" />
                  </conditions>
                </line>
                <line number="70" hits="0" branch="False" />
                <line number="71" hits="0" branch="False" />
                <line number="72" hits="0" branch="False" />
                <line number="73" hits="0" branch="False" />
                <line number="75" hits="0" branch="False" />
                <line number="76" hits="0" branch="False" />
                <line number="77" hits="0" branch="False" />
                <line number="79" hits="0" branch="False" />
              </lines>
            </method>
            <method name=".ctor" signature="()" line-rate="0" branch-rate="1">
              <lines>
                <line number="16" hits="0" branch="False" />
                <line number="17" hits="0" branch="False" />
                <line number="18" hits="0" branch="False" />
                <line number="19" hits="0" branch="False" />
              </lines>
            </method>
            <method name=".ctor" signature="(EMS_Data.Models.EmployeeDbContext)" line-rate="0" branch-rate="0">
              <lines>
                <line number="20" hits="0" branch="False" />
                <line number="21" hits="0" branch="False" />
                <line number="22" hits="0" branch="True" condition-coverage="0% (0/2)">
                  <conditions>
                    <condition number="11" type="jump" coverage="0%" />
                  </conditions>
                </line>
                <line number="23" hits="0" branch="False" />
              </lines>
            </method>
          </methods>
          <lines>
            <line number="25" hits="0" branch="False" />
            <line number="26" hits="0" branch="True" condition-coverage="0% (0/4)">
              <conditions>
                <condition number="143" type="jump" coverage="0%" />
                <condition number="164" type="jump" coverage="0%" />
              </conditions>
            </line>
            <line number="27" hits="0" branch="False" />
            <line number="28" hits="0" branch="False" />
            <line number="29" hits="0" branch="False" />
            <line number="32" hits="0" branch="False" />
            <line number="33" hits="0" branch="False" />
            <line number="34" hits="0" branch="False" />
            <line number="37" hits="0" branch="False" />
            <line number="38" hits="0" branch="False" />
            <line number="39" hits="0" branch="False" />
            <line number="41" hits="0" branch="False" />
            <line number="42" hits="0" branch="False" />
            <line number="44" hits="0" branch="False" />
            <line number="45" hits="0" branch="False" />
            <line number="46" hits="0" branch="False" />
            <line number="47" hits="0" branch="False" />
            <line number="48" hits="0" branch="False" />
            <line number="51" hits="0" branch="False" />
            <line number="52" hits="0" branch="True" condition-coverage="0% (0/2)">
              <conditions>
                <condition number="145" type="jump" coverage="0%" />
              </conditions>
            </line>
            <line number="53" hits="0" branch="False" />
            <line number="54" hits="0" branch="False" />
            <line number="55" hits="0" branch="False" />
            <line number="56" hits="0" branch="False" />
            <line number="57" hits="0" branch="False" />
            <line number="58" hits="0" branch="False" />
            <line number="60" hits="0" branch="False" />
            <line number="61" hits="0" branch="False" />
            <line number="62" hits="0" branch="False" />
            <line number="64" hits="0" branch="False" />
            <line number="67" hits="0" branch="False" />
            <line number="68" hits="0" branch="False" />
            <line number="69" hits="0" branch="True" condition-coverage="0% (0/2)">
              <conditions>
                <condition number="140" type="jump" coverage="0%" />
              </conditions>
            </line>
            <line number="70" hits="0" branch="False" />
            <line number="71" hits="0" branch="False" />
            <line number="72" hits="0" branch="False" />
            <line number="73" hits="0" branch="False" />
            <line number="75" hits="0" branch="False" />
            <line number="76" hits="0" branch="False" />
            <line number="77" hits="0" branch="False" />
            <line number="79" hits="0" branch="False" />
            <line number="16" hits="0" branch="False" />
            <line number="17" hits="0" branch="False" />
            <line number="18" hits="0" branch="False" />
            <line number="19" hits="0" branch="False" />
            <line number="20" hits="0" branch="False" />
            <line number="21" hits="0" branch="False" />
            <line number="22" hits="0" branch="True" condition-coverage="0% (0/2)">
              <conditions>
                <condition number="11" type="jump" coverage="0%" />
              </conditions>
            </line>
            <line number="23" hits="0" branch="False" />
          </lines>
        </class>
        <class name="EMS_Data.Models.Department" filename="C:\Revature\emsproj\EMS\EMS_Data\Models\Department.cs" line-rate="0" branch-rate="1" complexity="6">
          <methods>
            <method name="get_Id" signature="()" line-rate="0" branch-rate="1">
              <lines>
                <line number="13" hits="0" branch="False" />
              </lines>
            </method>
            <method name="get_Name" signature="()" line-rate="0" branch-rate="1">
              <lines>
                <line number="14" hits="0" branch="False" />
              </lines>
            </method>
            <method name="get_Phone" signature="()" line-rate="0" branch-rate="1">
              <lines>
                <line number="15" hits="0" branch="False" />
              </lines>
            </method>
            <method name="get_Head" signature="()" line-rate="0" branch-rate="1">
              <lines>
                <line number="17" hits="0" branch="False" />
              </lines>
            </method>
            <method name="get_Employee" signature="()" line-rate="0" branch-rate="1">
              <lines>
                <line number="18" hits="0" branch="False" />
              </lines>
            </method>
            <method name=".ctor" signature="()" line-rate="0" branch-rate="1">
              <lines>
                <line number="8" hits="0" branch="False" />
                <line number="9" hits="0" branch="False" />
                <line number="10" hits="0" branch="False" />
                <line number="11" hits="0" branch="False" />
              </lines>
            </method>
          </methods>
          <lines>
            <line number="13" hits="0" branch="False" />
            <line number="14" hits="0" branch="False" />
            <line number="15" hits="0" branch="False" />
            <line number="17" hits="0" branch="False" />
            <line number="18" hits="0" branch="False" />
            <line number="8" hits="0" branch="False" />
            <line number="9" hits="0" branch="False" />
            <line number="10" hits="0" branch="False" />
            <line number="11" hits="0" branch="False" />
          </lines>
        </class>
        <class name="EMS_Data.Models.Employee" filename="C:\Revature\emsproj\EMS\EMS_Data\Models\Employee.cs" line-rate="0" branch-rate="0" complexity="12">
          <methods>
            <method name="get_Id" signature="()" line-rate="0" branch-rate="1">
              <lines>
                <line number="18" hits="0" branch="False" />
              </lines>
            </method>
            <method name="get_Age" signature="()" line-rate="0" branch-rate="1">
              <lines>
                <line number="21" hits="0" branch="False" />
              </lines>
            </method>
            <method name="get_Startdate" signature="()" line-rate="0" branch-rate="1">
              <lines>
                <line number="23" hits="0" branch="False" />
              </lines>
            </method>
            <method name="get_Salary" signature="()" line-rate="0" branch-rate="1">
              <lines>
                <line number="25" hits="0" branch="False" />
              </lines>
            </method>
            <method name="get_Ssn" signature="()" line-rate="0" branch-rate="1">
              <lines>
                <line number="28" hits="0" branch="False" />
              </lines>
            </method>
            <method name="get_Deptid" signature="()" line-rate="0" branch-rate="1">
              <lines>
                <line number="29" hits="0" branch="False" />
              </lines>
            </method>
            <method name="get_Fname" signature="()" line-rate="0" branch-rate="1">
              <lines>
                <line number="31" hits="0" branch="False" />
              </lines>
            </method>
            <method name="get_Lname" signature="()" line-rate="0" branch-rate="1">
              <lines>
                <line number="34" hits="0" branch="False" />
              </lines>
            </method>
            <method name="get_Mname" signature="()" line-rate="0" branch-rate="1">
              <lines>
                <line number="36" hits="0" branch="False" />
              </lines>
            </method>
            <method name="get_FullName" signature="()" line-rate="0" branch-rate="0">
              <lines>
                <line number="38" hits="0" branch="False" />
                <line number="39" hits="0" branch="True" condition-coverage="0% (0/2)">
                  <conditions>
                    <condition number="12" type="jump" coverage="0%" />
                  </conditions>
                </line>
                <line number="40" hits="0" branch="False" />
                <line number="42" hits="0" branch="False" />
                <line number="43" hits="0" branch="False" />
              </lines>
            </method>
            <method name="get_Dept" signature="()" line-rate="0" branch-rate="1">
              <lines>
                <line number="49" hits="0" branch="False" />
              </lines>
            </method>
          </methods>
          <lines>
            <line number="18" hits="0" branch="False" />
            <line number="21" hits="0" branch="False" />
            <line number="23" hits="0" branch="False" />
            <line number="25" hits="0" branch="False" />
            <line number="28" hits="0" branch="False" />
            <line number="29" hits="0" branch="False" />
            <line number="31" hits="0" branch="False" />
            <line number="34" hits="0" branch="False" />
            <line number="36" hits="0" branch="False" />
            <line number="38" hits="0" branch="False" />
            <line number="39" hits="0" branch="True" condition-coverage="0% (0/2)">
              <conditions>
                <condition number="12" type="jump" coverage="0%" />
              </conditions>
            </line>
            <line number="40" hits="0" branch="False" />
            <line number="42" hits="0" branch="False" />
            <line number="43" hits="0" branch="False" />
            <line number="49" hits="0" branch="False" />
          </lines>
        </class>
        <class name="EMS_Data.Models.EmployeeDbContext" filename="C:\Revature\emsproj\EMS\EMS_Data\Models\EmployeeDbContext.cs" line-rate="0" branch-rate="1" complexity="5">
          <methods>
            <method name="OnModelCreating" signature="(Microsoft.EntityFrameworkCore.ModelBuilder)" line-rate="0" branch-rate="1">
              <lines>
                <line number="20" hits="0" branch="False" />
                <line number="22" hits="0" branch="False" />
                <line number="23" hits="0" branch="False" />
                <line number="24" hits="0" branch="False" />
                <line number="25" hits="0" branch="False" />
                <line number="26" hits="0" branch="False" />
                <line number="27" hits="0" branch="False" />
                <line number="28" hits="0" branch="False" />
                <line number="29" hits="0" branch="False" />
                <line number="30" hits="0" branch="False" />
                <line number="31" hits="0" branch="False" />
                <line number="32" hits="0" branch="False" />
                <line number="33" hits="0" branch="False" />
                <line number="34" hits="0" branch="False" />
                <line number="35" hits="0" branch="False" />
                <line number="36" hits="0" branch="False" />
                <line number="37" hits="0" branch="False" />
                <line number="38" hits="0" branch="False" />
                <line number="39" hits="0" branch="False" />
                <line number="40" hits="0" branch="False" />
                <line number="41" hits="0" branch="False" />
                <line number="42" hits="0" branch="False" />
                <line number="43" hits="0" branch="False" />
                <line number="44" hits="0" branch="False" />
                <line number="45" hits="0" branch="False" />
                <line number="46" hits="0" branch="False" />
                <line number="47" hits="0" branch="False" />
                <line number="48" hits="0" branch="False" />
                <line number="49" hits="0" branch="False" />
                <line number="50" hits="0" branch="False" />
                <line number="51" hits="0" branch="False" />
                <line number="52" hits="0" branch="False" />
                <line number="53" hits="0" branch="False" />
                <line number="54" hits="0" branch="False" />
                <line number="55" hits="0" branch="False" />
                <line number="56" hits="0" branch="False" />
                <line number="57" hits="0" branch="False" />
                <line number="58" hits="0" branch="False" />
                <line number="59" hits="0" branch="False" />
              </lines>
            </method>
            <method name="get_Department" signature="()" line-rate="0" branch-rate="1">
              <lines>
                <line number="60" hits="0" branch="False" />
              </lines>
            </method>
            <method name="get_Employee" signature="()" line-rate="0" branch-rate="1">
              <lines>
                <line number="61" hits="0" branch="False" />
              </lines>
            </method>
            <method name=".ctor" signature="()" line-rate="0" branch-rate="1">
              <lines>
                <line number="10" hits="0" branch="False" />
                <line number="11" hits="0" branch="False" />
                <line number="13" hits="0" branch="False" />
              </lines>
            </method>
            <method name=".ctor" signature="(Microsoft.EntityFrameworkCore.DbContextOptions`1&lt;EMS_Data.Models.EmployeeDbContext&gt;)" line-rate="0" branch-rate="1">
              <lines>
                <line number="14" hits="0" branch="False" />
                <line number="15" hits="0" branch="False" />
                <line number="17" hits="0" branch="False" />
              </lines>
            </method>
          </methods>
          <lines>
            <line number="20" hits="0" branch="False" />
            <line number="22" hits="0" branch="False" />
            <line number="23" hits="0" branch="False" />
            <line number="24" hits="0" branch="False" />
            <line number="25" hits="0" branch="False" />
            <line number="26" hits="0" branch="False" />
            <line number="27" hits="0" branch="False" />
            <line number="28" hits="0" branch="False" />
            <line number="29" hits="0" branch="False" />
            <line number="30" hits="0" branch="False" />
            <line number="31" hits="0" branch="False" />
            <line number="32" hits="0" branch="False" />
            <line number="33" hits="0" branch="False" />
            <line number="34" hits="0" branch="False" />
            <line number="35" hits="0" branch="False" />
            <line number="36" hits="0" branch="False" />
            <line number="37" hits="0" branch="False" />
            <line number="38" hits="0" branch="False" />
            <line number="39" hits="0" branch="False" />
            <line number="40" hits="0" branch="False" />
            <line number="41" hits="0" branch="False" />
            <line number="42" hits="0" branch="False" />
            <line number="43" hits="0" branch="False" />
            <line number="44" hits="0" branch="False" />
            <line number="45" hits="0" branch="False" />
            <line number="46" hits="0" branch="False" />
            <line number="47" hits="0" branch="False" />
            <line number="48" hits="0" branch="False" />
            <line number="49" hits="0" branch="False" />
            <line number="50" hits="0" branch="False" />
            <line number="51" hits="0" branch="False" />
            <line number="52" hits="0" branch="False" />
            <line number="53" hits="0" branch="False" />
            <line number="54" hits="0" branch="False" />
            <line number="55" hits="0" branch="False" />
            <line number="56" hits="0" branch="False" />
            <line number="57" hits="0" branch="False" />
            <line number="58" hits="0" branch="False" />
            <line number="59" hits="0" branch="False" />
            <line number="60" hits="0" branch="False" />
            <line number="61" hits="0" branch="False" />
            <line number="10" hits="0" branch="False" />
            <line number="11" hits="0" branch="False" />
            <line number="13" hits="0" branch="False" />
            <line number="14" hits="0" branch="False" />
            <line number="15" hits="0" branch="False" />
            <line number="17" hits="0" branch="False" />
          </lines>
        </class>
        <class name="EMS_Data.Migrations.test" filename="C:\Revature\emsproj\EMS\EMS_Data\Migrations\20200129134540_test.cs" line-rate="0" branch-rate="0" complexity="9">
          <methods>
            <method name="Up" signature="(Microsoft.EntityFrameworkCore.Migrations.MigrationBuilder)" line-rate="0" branch-rate="0">
              <lines>
                <line number="9" hits="0" branch="False" />
                <line number="10" hits="0" branch="False" />
                <line number="11" hits="0" branch="False" />
                <line number="13" hits="0" branch="True" condition-coverage="0% (0/4)">
                  <conditions>
                    <condition number="25" type="jump" coverage="0%" />
                    <condition number="57" type="jump" coverage="0%" />
                  </conditions>
                </line>
                <line number="14" hits="0" branch="False" />
                <line number="15" hits="0" branch="False" />
                <line number="16" hits="0" branch="False" />
                <line number="17" hits="0" branch="False" />
                <line number="18" hits="0" branch="False" />
                <line number="19" hits="0" branch="False" />
                <line number="20" hits="0" branch="False" />
                <line number="21" hits="0" branch="False" />
                <line number="22" hits="0" branch="False" />
                <line number="23" hits="0" branch="False" />
                <line number="24" hits="0" branch="False" />
                <line number="25" hits="0" branch="False" />
                <line number="26" hits="0" branch="False" />
                <line number="28" hits="0" branch="True" condition-coverage="0% (0/4)">
                  <conditions>
                    <condition number="101" type="jump" coverage="0%" />
                    <condition number="137" type="jump" coverage="0%" />
                  </conditions>
                </line>
                <line number="29" hits="0" branch="False" />
                <line number="30" hits="0" branch="False" />
                <line number="31" hits="0" branch="False" />
                <line number="32" hits="0" branch="False" />
                <line number="33" hits="0" branch="False" />
                <line number="34" hits="0" branch="False" />
                <line number="35" hits="0" branch="False" />
                <line number="36" hits="0" branch="False" />
                <line number="37" hits="0" branch="False" />
                <line number="38" hits="0" branch="False" />
                <line number="39" hits="0" branch="False" />
                <line number="40" hits="0" branch="False" />
                <line number="41" hits="0" branch="False" />
                <line number="42" hits="0" branch="False" />
                <line number="43" hits="0" branch="False" />
                <line number="44" hits="0" branch="False" />
                <line number="45" hits="0" branch="False" />
                <line number="46" hits="0" branch="False" />
                <line number="47" hits="0" branch="False" />
                <line number="48" hits="0" branch="False" />
                <line number="49" hits="0" branch="False" />
                <line number="50" hits="0" branch="False" />
                <line number="51" hits="0" branch="False" />
                <line number="52" hits="0" branch="False" />
                <line number="53" hits="0" branch="False" />
                <line number="55" hits="0" branch="False" />
                <line number="56" hits="0" branch="False" />
                <line number="57" hits="0" branch="False" />
                <line number="58" hits="0" branch="False" />
                <line number="60" hits="0" branch="False" />
                <line number="61" hits="0" branch="False" />
                <line number="62" hits="0" branch="False" />
                <line number="63" hits="0" branch="False" />
                <line number="65" hits="0" branch="False" />
                <line number="66" hits="0" branch="False" />
                <line number="67" hits="0" branch="False" />
                <line number="68" hits="0" branch="False" />
                <line number="69" hits="0" branch="False" />
                <line number="71" hits="0" branch="False" />
                <line number="72" hits="0" branch="False" />
                <line number="73" hits="0" branch="False" />
                <line number="74" hits="0" branch="False" />
                <line number="75" hits="0" branch="False" />
                <line number="77" hits="0" branch="False" />
                <line number="78" hits="0" branch="False" />
                <line number="79" hits="0" branch="False" />
                <line number="80" hits="0" branch="False" />
                <line number="81" hits="0" branch="False" />
                <line number="82" hits="0" branch="False" />
              </lines>
            </method>
            <method name="Down" signature="(Microsoft.EntityFrameworkCore.Migrations.MigrationBuilder)" line-rate="0" branch-rate="1">
              <lines>
                <line number="85" hits="0" branch="False" />
                <line number="86" hits="0" branch="False" />
                <line number="87" hits="0" branch="False" />
                <line number="88" hits="0" branch="False" />
                <line number="90" hits="0" branch="False" />
                <line number="91" hits="0" branch="False" />
                <line number="92" hits="0" branch="False" />
              </lines>
            </method>
          </methods>
          <lines>
            <line number="9" hits="0" branch="False" />
            <line number="10" hits="0" branch="False" />
            <line number="11" hits="0" branch="False" />
            <line number="13" hits="0" branch="True" condition-coverage="0% (0/4)">
              <conditions>
                <condition number="25" type="jump" coverage="0%" />
                <condition number="57" type="jump" coverage="0%" />
              </conditions>
            </line>
            <line number="14" hits="0" branch="False" />
            <line number="15" hits="0" branch="False" />
            <line number="16" hits="0" branch="False" />
            <line number="17" hits="0" branch="False" />
            <line number="18" hits="0" branch="False" />
            <line number="19" hits="0" branch="False" />
            <line number="20" hits="0" branch="False" />
            <line number="21" hits="0" branch="False" />
            <line number="22" hits="0" branch="False" />
            <line number="23" hits="0" branch="False" />
            <line number="24" hits="0" branch="False" />
            <line number="25" hits="0" branch="False" />
            <line number="26" hits="0" branch="False" />
            <line number="28" hits="0" branch="True" condition-coverage="0% (0/4)">
              <conditions>
                <condition number="101" type="jump" coverage="0%" />
                <condition number="137" type="jump" coverage="0%" />
              </conditions>
            </line>
            <line number="29" hits="0" branch="False" />
            <line number="30" hits="0" branch="False" />
            <line number="31" hits="0" branch="False" />
            <line number="32" hits="0" branch="False" />
            <line number="33" hits="0" branch="False" />
            <line number="34" hits="0" branch="False" />
            <line number="35" hits="0" branch="False" />
            <line number="36" hits="0" branch="False" />
            <line number="37" hits="0" branch="False" />
            <line number="38" hits="0" branch="False" />
            <line number="39" hits="0" branch="False" />
            <line number="40" hits="0" branch="False" />
            <line number="41" hits="0" branch="False" />
            <line number="42" hits="0" branch="False" />
            <line number="43" hits="0" branch="False" />
            <line number="44" hits="0" branch="False" />
            <line number="45" hits="0" branch="False" />
            <line number="46" hits="0" branch="False" />
            <line number="47" hits="0" branch="False" />
            <line number="48" hits="0" branch="False" />
            <line number="49" hits="0" branch="False" />
            <line number="50" hits="0" branch="False" />
            <line number="51" hits="0" branch="False" />
            <line number="52" hits="0" branch="False" />
            <line number="53" hits="0" branch="False" />
            <line number="55" hits="0" branch="False" />
            <line number="56" hits="0" branch="False" />
            <line number="57" hits="0" branch="False" />
            <line number="58" hits="0" branch="False" />
            <line number="60" hits="0" branch="False" />
            <line number="61" hits="0" branch="False" />
            <line number="62" hits="0" branch="False" />
            <line number="63" hits="0" branch="False" />
            <line number="65" hits="0" branch="False" />
            <line number="66" hits="0" branch="False" />
            <line number="67" hits="0" branch="False" />
            <line number="68" hits="0" branch="False" />
            <line number="69" hits="0" branch="False" />
            <line number="71" hits="0" branch="False" />
            <line number="72" hits="0" branch="False" />
            <line number="73" hits="0" branch="False" />
            <line number="74" hits="0" branch="False" />
            <line number="75" hits="0" branch="False" />
            <line number="77" hits="0" branch="False" />
            <line number="78" hits="0" branch="False" />
            <line number="79" hits="0" branch="False" />
            <line number="80" hits="0" branch="False" />
            <line number="81" hits="0" branch="False" />
            <line number="82" hits="0" branch="False" />
            <line number="85" hits="0" branch="False" />
            <line number="86" hits="0" branch="False" />
            <line number="87" hits="0" branch="False" />
            <line number="88" hits="0" branch="False" />
            <line number="90" hits="0" branch="False" />
            <line number="91" hits="0" branch="False" />
            <line number="92" hits="0" branch="False" />
          </lines>
        </class>
        <class name="EMS_Data.Migrations.test" filename="C:\Revature\emsproj\EMS\EMS_Data\Migrations\20200129134540_test.Designer.cs" line-rate="0" branch-rate="0" complexity="6">
          <methods>
            <method name="BuildTargetModel" signature="(Microsoft.EntityFrameworkCore.ModelBuilder)" line-rate="0" branch-rate="0">
              <lines>
                <line number="17" hits="0" branch="False" />
                <line number="19" hits="0" branch="False" />
                <line number="20" hits="0" branch="False" />
                <line number="21" hits="0" branch="False" />
                <line number="22" hits="0" branch="False" />
                <line number="24" hits="0" branch="True" condition-coverage="0% (0/2)">
                  <conditions>
                    <condition number="66" type="jump" coverage="0%" />
                  </conditions>
                </line>
                <line number="25" hits="0" branch="False" />
                <line number="26" hits="0" branch="False" />
                <line number="27" hits="0" branch="False" />
                <line number="28" hits="0" branch="False" />
                <line number="29" hits="0" branch="False" />
                <line number="30" hits="0" branch="False" />
                <line number="31" hits="0" branch="False" />
                <line number="32" hits="0" branch="False" />
                <line number="33" hits="0" branch="False" />
                <line number="34" hits="0" branch="False" />
                <line number="35" hits="0" branch="False" />
                <line number="36" hits="0" branch="False" />
                <line number="37" hits="0" branch="False" />
                <line number="38" hits="0" branch="False" />
                <line number="39" hits="0" branch="False" />
                <line number="40" hits="0" branch="False" />
                <line number="41" hits="0" branch="False" />
                <line number="42" hits="0" branch="False" />
                <line number="43" hits="0" branch="False" />
                <line number="44" hits="0" branch="False" />
                <line number="45" hits="0" branch="False" />
                <line number="46" hits="0" branch="False" />
                <line number="47" hits="0" branch="False" />
                <line number="48" hits="0" branch="False" />
                <line number="49" hits="0" branch="False" />
                <line number="50" hits="0" branch="False" />
                <line number="51" hits="0" branch="False" />
                <line number="52" hits="0" branch="False" />
                <line number="53" hits="0" branch="False" />
                <line number="54" hits="0" branch="False" />
                <line number="55" hits="0" branch="False" />
                <line number="56" hits="0" branch="False" />
                <line number="57" hits="0" branch="False" />
                <line number="59" hits="0" branch="True" condition-coverage="0% (0/2)">
                  <conditions>
                    <condition number="109" type="jump" coverage="0%" />
                  </conditions>
                </line>
                <line number="60" hits="0" branch="False" />
                <line number="61" hits="0" branch="False" />
                <line number="62" hits="0" branch="False" />
                <line number="63" hits="0" branch="False" />
                <line number="64" hits="0" branch="False" />
                <line number="65" hits="0" branch="False" />
                <line number="66" hits="0" branch="False" />
                <line number="67" hits="0" branch="False" />
                <line number="68" hits="0" branch="False" />
                <line number="69" hits="0" branch="False" />
                <line number="70" hits="0" branch="False" />
                <line number="71" hits="0" branch="False" />
                <line number="72" hits="0" branch="False" />
                <line number="73" hits="0" branch="False" />
                <line number="74" hits="0" branch="False" />
                <line number="75" hits="0" branch="False" />
                <line number="76" hits="0" branch="False" />
                <line number="77" hits="0" branch="False" />
                <line number="78" hits="0" branch="False" />
                <line number="79" hits="0" branch="False" />
                <line number="80" hits="0" branch="False" />
                <line number="81" hits="0" branch="False" />
                <line number="82" hits="0" branch="False" />
                <line number="83" hits="0" branch="False" />
                <line number="84" hits="0" branch="False" />
                <line number="85" hits="0" branch="False" />
                <line number="86" hits="0" branch="False" />
                <line number="87" hits="0" branch="False" />
                <line number="88" hits="0" branch="False" />
                <line number="89" hits="0" branch="False" />
                <line number="90" hits="0" branch="False" />
                <line number="91" hits="0" branch="False" />
                <line number="92" hits="0" branch="False" />
                <line number="93" hits="0" branch="False" />
                <line number="94" hits="0" branch="False" />
                <line number="95" hits="0" branch="False" />
                <line number="96" hits="0" branch="False" />
                <line number="97" hits="0" branch="False" />
                <line number="98" hits="0" branch="False" />
                <line number="99" hits="0" branch="False" />
                <line number="100" hits="0" branch="False" />
                <line number="101" hits="0" branch="False" />
                <line number="102" hits="0" branch="False" />
                <line number="103" hits="0" branch="False" />
                <line number="104" hits="0" branch="False" />
                <line number="105" hits="0" branch="False" />
                <line number="106" hits="0" branch="False" />
                <line number="107" hits="0" branch="False" />
                <line number="108" hits="0" branch="False" />
                <line number="109" hits="0" branch="False" />
                <line number="110" hits="0" branch="False" />
                <line number="111" hits="0" branch="False" />
                <line number="112" hits="0" branch="False" />
                <line number="113" hits="0" branch="False" />
                <line number="114" hits="0" branch="False" />
                <line number="115" hits="0" branch="False" />
                <line number="116" hits="0" branch="False" />
                <line number="117" hits="0" branch="False" />
                <line number="118" hits="0" branch="False" />
                <line number="119" hits="0" branch="False" />
                <line number="120" hits="0" branch="False" />
                <line number="121" hits="0" branch="False" />
                <line number="122" hits="0" branch="False" />
                <line number="123" hits="0" branch="False" />
                <line number="124" hits="0" branch="False" />
                <line number="125" hits="0" branch="False" />
                <line number="126" hits="0" branch="False" />
                <line number="127" hits="0" branch="False" />
                <line number="128" hits="0" branch="False" />
                <line number="129" hits="0" branch="False" />
                <line number="131" hits="0" branch="True" condition-coverage="0% (0/2)">
                  <conditions>
                    <condition number="152" type="jump" coverage="0%" />
                  </conditions>
                </line>
                <line number="132" hits="0" branch="False" />
                <line number="133" hits="0" branch="False" />
                <line number="134" hits="0" branch="False" />
                <line number="135" hits="0" branch="False" />
                <line number="136" hits="0" branch="False" />
                <line number="138" hits="0" branch="False" />
              </lines>
            </method>
          </methods>
          <lines>
            <line number="17" hits="0" branch="False" />
            <line number="19" hits="0" branch="False" />
            <line number="20" hits="0" branch="False" />
            <line number="21" hits="0" branch="False" />
            <line number="22" hits="0" branch="False" />
            <line number="24" hits="0" branch="True" condition-coverage="0% (0/2)">
              <conditions>
                <condition number="66" type="jump" coverage="0%" />
              </conditions>
            </line>
            <line number="25" hits="0" branch="False" />
            <line number="26" hits="0" branch="False" />
            <line number="27" hits="0" branch="False" />
            <line number="28" hits="0" branch="False" />
            <line number="29" hits="0" branch="False" />
            <line number="30" hits="0" branch="False" />
            <line number="31" hits="0" branch="False" />
            <line number="32" hits="0" branch="False" />
            <line number="33" hits="0" branch="False" />
            <line number="34" hits="0" branch="False" />
            <line number="35" hits="0" branch="False" />
            <line number="36" hits="0" branch="False" />
            <line number="37" hits="0" branch="False" />
            <line number="38" hits="0" branch="False" />
            <line number="39" hits="0" branch="False" />
            <line number="40" hits="0" branch="False" />
            <line number="41" hits="0" branch="False" />
            <line number="42" hits="0" branch="False" />
            <line number="43" hits="0" branch="False" />
            <line number="44" hits="0" branch="False" />
            <line number="45" hits="0" branch="False" />
            <line number="46" hits="0" branch="False" />
            <line number="47" hits="0" branch="False" />
            <line number="48" hits="0" branch="False" />
            <line number="49" hits="0" branch="False" />
            <line number="50" hits="0" branch="False" />
            <line number="51" hits="0" branch="False" />
            <line number="52" hits="0" branch="False" />
            <line number="53" hits="0" branch="False" />
            <line number="54" hits="0" branch="False" />
            <line number="55" hits="0" branch="False" />
            <line number="56" hits="0" branch="False" />
            <line number="57" hits="0" branch="False" />
            <line number="59" hits="0" branch="True" condition-coverage="0% (0/2)">
              <conditions>
                <condition number="109" type="jump" coverage="0%" />
              </conditions>
            </line>
            <line number="60" hits="0" branch="False" />
            <line number="61" hits="0" branch="False" />
            <line number="62" hits="0" branch="False" />
            <line number="63" hits="0" branch="False" />
            <line number="64" hits="0" branch="False" />
            <line number="65" hits="0" branch="False" />
            <line number="66" hits="0" branch="False" />
            <line number="67" hits="0" branch="False" />
            <line number="68" hits="0" branch="False" />
            <line number="69" hits="0" branch="False" />
            <line number="70" hits="0" branch="False" />
            <line number="71" hits="0" branch="False" />
            <line number="72" hits="0" branch="False" />
            <line number="73" hits="0" branch="False" />
            <line number="74" hits="0" branch="False" />
            <line number="75" hits="0" branch="False" />
            <line number="76" hits="0" branch="False" />
            <line number="77" hits="0" branch="False" />
            <line number="78" hits="0" branch="False" />
            <line number="79" hits="0" branch="False" />
            <line number="80" hits="0" branch="False" />
            <line number="81" hits="0" branch="False" />
            <line number="82" hits="0" branch="False" />
            <line number="83" hits="0" branch="False" />
            <line number="84" hits="0" branch="False" />
            <line number="85" hits="0" branch="False" />
            <line number="86" hits="0" branch="False" />
            <line number="87" hits="0" branch="False" />
            <line number="88" hits="0" branch="False" />
            <line number="89" hits="0" branch="False" />
            <line number="90" hits="0" branch="False" />
            <line number="91" hits="0" branch="False" />
            <line number="92" hits="0" branch="False" />
            <line number="93" hits="0" branch="False" />
            <line number="94" hits="0" branch="False" />
            <line number="95" hits="0" branch="False" />
            <line number="96" hits="0" branch="False" />
            <line number="97" hits="0" branch="False" />
            <line number="98" hits="0" branch="False" />
            <line number="99" hits="0" branch="False" />
            <line number="100" hits="0" branch="False" />
            <line number="101" hits="0" branch="False" />
            <line number="102" hits="0" branch="False" />
            <line number="103" hits="0" branch="False" />
            <line number="104" hits="0" branch="False" />
            <line number="105" hits="0" branch="False" />
            <line number="106" hits="0" branch="False" />
            <line number="107" hits="0" branch="False" />
            <line number="108" hits="0" branch="False" />
            <line number="109" hits="0" branch="False" />
            <line number="110" hits="0" branch="False" />
            <line number="111" hits="0" branch="False" />
            <line number="112" hits="0" branch="False" />
            <line number="113" hits="0" branch="False" />
            <line number="114" hits="0" branch="False" />
            <line number="115" hits="0" branch="False" />
            <line number="116" hits="0" branch="False" />
            <line number="117" hits="0" branch="False" />
            <line number="118" hits="0" branch="False" />
            <line number="119" hits="0" branch="False" />
            <line number="120" hits="0" branch="False" />
            <line number="121" hits="0" branch="False" />
            <line number="122" hits="0" branch="False" />
            <line number="123" hits="0" branch="False" />
            <line number="124" hits="0" branch="False" />
            <line number="125" hits="0" branch="False" />
            <line number="126" hits="0" branch="False" />
            <line number="127" hits="0" branch="False" />
            <line number="128" hits="0" branch="False" />
            <line number="129" hits="0" branch="False" />
            <line number="131" hits="0" branch="True" condition-coverage="0% (0/2)">
              <conditions>
                <condition number="152" type="jump" coverage="0%" />
              </conditions>
            </line>
            <line number="132" hits="0" branch="False" />
            <line number="133" hits="0" branch="False" />
            <line number="134" hits="0" branch="False" />
            <line number="135" hits="0" branch="False" />
            <line number="136" hits="0" branch="False" />
            <line number="138" hits="0" branch="False" />
          </lines>
        </class>
        <class name="EMS_Data.Migrations.EmployeeDbContextModelSnapshot" filename="C:\Revature\emsproj\EMS\EMS_Data\Migrations\EmployeeDbContextModelSnapshot.cs" line-rate="0" branch-rate="0" complexity="6">
          <methods>
            <method name="BuildModel" signature="(Microsoft.EntityFrameworkCore.ModelBuilder)" line-rate="0" branch-rate="0">
              <lines>
                <line number="15" hits="0" branch="False" />
                <line number="17" hits="0" branch="False" />
                <line number="18" hits="0" branch="False" />
                <line number="19" hits="0" branch="False" />
                <line number="20" hits="0" branch="False" />
                <line number="22" hits="0" branch="True" condition-coverage="0% (0/2)">
                  <conditions>
                    <condition number="66" type="jump" coverage="0%" />
                  </conditions>
                </line>
                <line number="23" hits="0" branch="False" />
                <line number="24" hits="0" branch="False" />
                <line number="25" hits="0" branch="False" />
                <line number="26" hits="0" branch="False" />
                <line number="27" hits="0" branch="False" />
                <line number="28" hits="0" branch="False" />
                <line number="29" hits="0" branch="False" />
                <line number="30" hits="0" branch="False" />
                <line number="31" hits="0" branch="False" />
                <line number="32" hits="0" branch="False" />
                <line number="33" hits="0" branch="False" />
                <line number="34" hits="0" branch="False" />
                <line number="35" hits="0" branch="False" />
                <line number="36" hits="0" branch="False" />
                <line number="37" hits="0" branch="False" />
                <line number="38" hits="0" branch="False" />
                <line number="39" hits="0" branch="False" />
                <line number="40" hits="0" branch="False" />
                <line number="41" hits="0" branch="False" />
                <line number="42" hits="0" branch="False" />
                <line number="43" hits="0" branch="False" />
                <line number="44" hits="0" branch="False" />
                <line number="45" hits="0" branch="False" />
                <line number="46" hits="0" branch="False" />
                <line number="47" hits="0" branch="False" />
                <line number="48" hits="0" branch="False" />
                <line number="49" hits="0" branch="False" />
                <line number="50" hits="0" branch="False" />
                <line number="51" hits="0" branch="False" />
                <line number="52" hits="0" branch="False" />
                <line number="53" hits="0" branch="False" />
                <line number="54" hits="0" branch="False" />
                <line number="55" hits="0" branch="False" />
                <line number="57" hits="0" branch="True" condition-coverage="0% (0/2)">
                  <conditions>
                    <condition number="109" type="jump" coverage="0%" />
                  </conditions>
                </line>
                <line number="58" hits="0" branch="False" />
                <line number="59" hits="0" branch="False" />
                <line number="60" hits="0" branch="False" />
                <line number="61" hits="0" branch="False" />
                <line number="62" hits="0" branch="False" />
                <line number="63" hits="0" branch="False" />
                <line number="64" hits="0" branch="False" />
                <line number="65" hits="0" branch="False" />
                <line number="66" hits="0" branch="False" />
                <line number="67" hits="0" branch="False" />
                <line number="68" hits="0" branch="False" />
                <line number="69" hits="0" branch="False" />
                <line number="70" hits="0" branch="False" />
                <line number="71" hits="0" branch="False" />
                <line number="72" hits="0" branch="False" />
                <line number="73" hits="0" branch="False" />
                <line number="74" hits="0" branch="False" />
                <line number="75" hits="0" branch="False" />
                <line number="76" hits="0" branch="False" />
                <line number="77" hits="0" branch="False" />
                <line number="78" hits="0" branch="False" />
                <line number="79" hits="0" branch="False" />
                <line number="80" hits="0" branch="False" />
                <line number="81" hits="0" branch="False" />
                <line number="82" hits="0" branch="False" />
                <line number="83" hits="0" branch="False" />
                <line number="84" hits="0" branch="False" />
                <line number="85" hits="0" branch="False" />
                <line number="86" hits="0" branch="False" />
                <line number="87" hits="0" branch="False" />
                <line number="88" hits="0" branch="False" />
                <line number="89" hits="0" branch="False" />
                <line number="90" hits="0" branch="False" />
                <line number="91" hits="0" branch="False" />
                <line number="92" hits="0" branch="False" />
                <line number="93" hits="0" branch="False" />
                <line number="94" hits="0" branch="False" />
                <line number="95" hits="0" branch="False" />
                <line number="96" hits="0" branch="False" />
                <line number="97" hits="0" branch="False" />
                <line number="98" hits="0" branch="False" />
                <line number="99" hits="0" branch="False" />
                <line number="100" hits="0" branch="False" />
                <line number="101" hits="0" branch="False" />
                <line number="102" hits="0" branch="False" />
                <line number="103" hits="0" branch="False" />
                <line number="104" hits="0" branch="False" />
                <line number="105" hits="0" branch="False" />
                <line number="106" hits="0" branch="False" />
                <line number="107" hits="0" branch="False" />
                <line number="108" hits="0" branch="False" />
                <line number="109" hits="0" branch="False" />
                <line number="110" hits="0" branch="False" />
                <line number="111" hits="0" branch="False" />
                <line number="112" hits="0" branch="False" />
                <line number="113" hits="0" branch="False" />
                <line number="114" hits="0" branch="False" />
                <line number="115" hits="0" branch="False" />
                <line number="116" hits="0" branch="False" />
                <line number="117" hits="0" branch="False" />
                <line number="118" hits="0" branch="False" />
                <line number="119" hits="0" branch="False" />
                <line number="120" hits="0" branch="False" />
                <line number="121" hits="0" branch="False" />
                <line number="122" hits="0" branch="False" />
                <line number="123" hits="0" branch="False" />
                <line number="124" hits="0" branch="False" />
                <line number="125" hits="0" branch="False" />
                <line number="126" hits="0" branch="False" />
                <line number="127" hits="0" branch="False" />
                <line number="129" hits="0" branch="True" condition-coverage="0% (0/2)">
                  <conditions>
                    <condition number="152" type="jump" coverage="0%" />
                  </conditions>
                </line>
                <line number="130" hits="0" branch="False" />
                <line number="131" hits="0" branch="False" />
                <line number="132" hits="0" branch="False" />
                <line number="133" hits="0" branch="False" />
                <line number="134" hits="0" branch="False" />
                <line number="136" hits="0" branch="False" />
              </lines>
            </method>
          </methods>
          <lines>
            <line number="15" hits="0" branch="False" />
            <line number="17" hits="0" branch="False" />
            <line number="18" hits="0" branch="False" />
            <line number="19" hits="0" branch="False" />
            <line number="20" hits="0" branch="False" />
            <line number="22" hits="0" branch="True" condition-coverage="0% (0/2)">
              <conditions>
                <condition number="66" type="jump" coverage="0%" />
              </conditions>
            </line>
            <line number="23" hits="0" branch="False" />
            <line number="24" hits="0" branch="False" />
            <line number="25" hits="0" branch="False" />
            <line number="26" hits="0" branch="False" />
            <line number="27" hits="0" branch="False" />
            <line number="28" hits="0" branch="False" />
            <line number="29" hits="0" branch="False" />
            <line number="30" hits="0" branch="False" />
            <line number="31" hits="0" branch="False" />
            <line number="32" hits="0" branch="False" />
            <line number="33" hits="0" branch="False" />
            <line number="34" hits="0" branch="False" />
            <line number="35" hits="0" branch="False" />
            <line number="36" hits="0" branch="False" />
            <line number="37" hits="0" branch="False" />
            <line number="38" hits="0" branch="False" />
            <line number="39" hits="0" branch="False" />
            <line number="40" hits="0" branch="False" />
            <line number="41" hits="0" branch="False" />
            <line number="42" hits="0" branch="False" />
            <line number="43" hits="0" branch="False" />
            <line number="44" hits="0" branch="False" />
            <line number="45" hits="0" branch="False" />
            <line number="46" hits="0" branch="False" />
            <line number="47" hits="0" branch="False" />
            <line number="48" hits="0" branch="False" />
            <line number="49" hits="0" branch="False" />
            <line number="50" hits="0" branch="False" />
            <line number="51" hits="0" branch="False" />
            <line number="52" hits="0" branch="False" />
            <line number="53" hits="0" branch="False" />
            <line number="54" hits="0" branch="False" />
            <line number="55" hits="0" branch="False" />
            <line number="57" hits="0" branch="True" condition-coverage="0% (0/2)">
              <conditions>
                <condition number="109" type="jump" coverage="0%" />
              </conditions>
            </line>
            <line number="58" hits="0" branch="False" />
            <line number="59" hits="0" branch="False" />
            <line number="60" hits="0" branch="False" />
            <line number="61" hits="0" branch="False" />
            <line number="62" hits="0" branch="False" />
            <line number="63" hits="0" branch="False" />
            <line number="64" hits="0" branch="False" />
            <line number="65" hits="0" branch="False" />
            <line number="66" hits="0" branch="False" />
            <line number="67" hits="0" branch="False" />
            <line number="68" hits="0" branch="False" />
            <line number="69" hits="0" branch="False" />
            <line number="70" hits="0" branch="False" />
            <line number="71" hits="0" branch="False" />
            <line number="72" hits="0" branch="False" />
            <line number="73" hits="0" branch="False" />
            <line number="74" hits="0" branch="False" />
            <line number="75" hits="0" branch="False" />
            <line number="76" hits="0" branch="False" />
            <line number="77" hits="0" branch="False" />
            <line number="78" hits="0" branch="False" />
            <line number="79" hits="0" branch="False" />
            <line number="80" hits="0" branch="False" />
            <line number="81" hits="0" branch="False" />
            <line number="82" hits="0" branch="False" />
            <line number="83" hits="0" branch="False" />
            <line number="84" hits="0" branch="False" />
            <line number="85" hits="0" branch="False" />
            <line number="86" hits="0" branch="False" />
            <line number="87" hits="0" branch="False" />
            <line number="88" hits="0" branch="False" />
            <line number="89" hits="0" branch="False" />
            <line number="90" hits="0" branch="False" />
            <line number="91" hits="0" branch="False" />
            <line number="92" hits="0" branch="False" />
            <line number="93" hits="0" branch="False" />
            <line number="94" hits="0" branch="False" />
            <line number="95" hits="0" branch="False" />
            <line number="96" hits="0" branch="False" />
            <line number="97" hits="0" branch="False" />
            <line number="98" hits="0" branch="False" />
            <line number="99" hits="0" branch="False" />
            <line number="100" hits="0" branch="False" />
            <line number="101" hits="0" branch="False" />
            <line number="102" hits="0" branch="False" />
            <line number="103" hits="0" branch="False" />
            <line number="104" hits="0" branch="False" />
            <line number="105" hits="0" branch="False" />
            <line number="106" hits="0" branch="False" />
            <line number="107" hits="0" branch="False" />
            <line number="108" hits="0" branch="False" />
            <line number="109" hits="0" branch="False" />
            <line number="110" hits="0" branch="False" />
            <line number="111" hits="0" branch="False" />
            <line number="112" hits="0" branch="False" />
            <line number="113" hits="0" branch="False" />
            <line number="114" hits="0" branch="False" />
            <line number="115" hits="0" branch="False" />
            <line number="116" hits="0" branch="False" />
            <line number="117" hits="0" branch="False" />
            <line number="118" hits="0" branch="False" />
            <line number="119" hits="0" branch="False" />
            <line number="120" hits="0" branch="False" />
            <line number="121" hits="0" branch="False" />
            <line number="122" hits="0" branch="False" />
            <line number="123" hits="0" branch="False" />
            <line number="124" hits="0" branch="False" />
            <line number="125" hits="0" branch="False" />
            <line number="126" hits="0" branch="False" />
            <line number="127" hits="0" branch="False" />
            <line number="129" hits="0" branch="True" condition-coverage="0% (0/2)">
              <conditions>
                <condition number="152" type="jump" coverage="0%" />
              </conditions>
            </line>
            <line number="130" hits="0" branch="False" />
            <line number="131" hits="0" branch="False" />
            <line number="132" hits="0" branch="False" />
            <line number="133" hits="0" branch="False" />
            <line number="134" hits="0" branch="False" />
            <line number="136" hits="0" branch="False" />
          </lines>
        </class>
      </classes>
    </package>
    <package name="EMS_Web" line-rate="0" branch-rate="0" complexity="48">
      <classes>
        <class name="EMS_Web.Program" filename="C:\Revature\emsproj\EMS\EMS_Web\Program.cs" line-rate="0" branch-rate="0" complexity="3">
          <methods>
            <method name="Main" signature="(System.String[])" line-rate="0" branch-rate="1">
              <lines>
                <line number="15" hits="0" branch="False" />
                <line number="16" hits="0" branch="False" />
                <line number="17" hits="0" branch="False" />
              </lines>
            </method>
            <method name="CreateHostBuilder" signature="(System.String[])" line-rate="0" branch-rate="0">
              <lines>
                <line number="20" hits="0" branch="True" condition-coverage="0% (0/2)">
                  <conditions>
                    <condition number="12" type="jump" coverage="0%" />
                  </conditions>
                </line>
                <line number="21" hits="0" branch="False" />
                <line number="22" hits="0" branch="False" />
                <line number="23" hits="0" branch="False" />
                <line number="24" hits="0" branch="False" />
              </lines>
            </method>
          </methods>
          <lines>
            <line number="15" hits="0" branch="False" />
            <line number="16" hits="0" branch="False" />
            <line number="17" hits="0" branch="False" />
            <line number="20" hits="0" branch="True" condition-coverage="0% (0/2)">
              <conditions>
                <condition number="12" type="jump" coverage="0%" />
              </conditions>
            </line>
            <line number="21" hits="0" branch="False" />
            <line number="22" hits="0" branch="False" />
            <line number="23" hits="0" branch="False" />
            <line number="24" hits="0" branch="False" />
          </lines>
        </class>
        <class name="EMS_Web.Startup" filename="C:\Revature\emsproj\EMS\EMS_Web\Startup.cs" line-rate="0" branch-rate="0" complexity="8">
          <methods>
            <method name="get_Configuration" signature="()" line-rate="0" branch-rate="1">
              <lines>
                <line number="32" hits="0" branch="False" />
              </lines>
            </method>
            <method name="ConfigureServices" signature="(Microsoft.Extensions.DependencyInjection.IServiceCollection)" line-rate="0" branch-rate="0">
              <lines>
                <line number="36" hits="0" branch="False" />
                <line number="38" hits="0" branch="False" />
                <line number="40" hits="0" branch="False" />
                <line number="41" hits="0" branch="False" />
                <line number="43" hits="0" branch="False" />
                <line number="44" hits="0" branch="True" condition-coverage="0% (0/2)">
                  <conditions>
                    <condition number="64" type="jump" coverage="0%" />
                  </conditions>
                </line>
                <line number="45" hits="0" branch="False" />
                <line number="46" hits="0" branch="False" />
                <line number="47" hits="0" branch="False" />
                <line number="48" hits="0" branch="False" />
                <line number="49" hits="0" branch="False" />
                <line number="50" hits="0" branch="False" />
                <line number="51" hits="0" branch="False" />
                <line number="52" hits="0" branch="False" />
                <line number="53" hits="0" branch="False" />
              </lines>
            </method>
            <method name="Configure" signature="(Microsoft.AspNetCore.Builder.IApplicationBuilder,Microsoft.AspNetCore.Hosting.IWebHostEnvironment)" line-rate="0" branch-rate="0">
              <lines>
                <line number="57" hits="0" branch="False" />
                <line number="58" hits="0" branch="True" condition-coverage="0% (0/2)">
                  <conditions>
                    <condition number="9" type="jump" coverage="0%" />
                  </conditions>
                </line>
                <line number="59" hits="0" branch="False" />
                <line number="60" hits="0" branch="False" />
                <line number="61" hits="0" branch="False" />
                <line number="63" hits="0" branch="False" />
                <line number="64" hits="0" branch="False" />
                <line number="66" hits="0" branch="False" />
                <line number="67" hits="0" branch="False" />
                <line number="68" hits="0" branch="False" />
                <line number="69" hits="0" branch="False" />
                <line number="72" hits="0" branch="False" />
                <line number="74" hits="0" branch="False" />
                <line number="77" hits="0" branch="True" condition-coverage="0% (0/2)">
                  <conditions>
[...]
            </line>
            <line number="45" hits="0" branch="True" condition-coverage="0% (0/8)">
              <conditions>
                <condition number="12423" type="jump" coverage="0%" />
                <condition number="12531" type="jump" coverage="0%" />
                <condition number="12564" type="jump" coverage="0%" />
                <condition number="12751" type="jump" coverage="0%" />
              </conditions>
            </line>
            <line number="46" hits="0" branch="True" condition-coverage="0% (0/8)">
              <conditions>
                <condition number="13042" type="jump" coverage="0%" />
                <condition number="13150" type="jump" coverage="0%" />
                <condition number="13183" type="jump" coverage="0%" />
                <condition number="13370" type="jump" coverage="0%" />
              </conditions>
            </line>
            <line number="47" hits="0" branch="True" condition-coverage="0% (0/6)">
              <conditions>
                <condition number="13661" type="jump" coverage="0%" />
                <condition number="13769" type="jump" coverage="0%" />
                <condition number="13802" type="jump" coverage="0%" />
              </conditions>
            </line>
          </lines>
        </class>
        <class name="AspNetCore.Views_Employee_Create/&lt;&lt;ExecuteAsync&gt;b__19_2&gt;d" filename="C:\Revature\emsproj\EMS\EMS_Web\Views\Employee\Create.cshtml" line-rate="0" branch-rate="0" complexity="4">
          <methods>
            <method name="MoveNext" signature="()" line-rate="0" branch-rate="0">
              <lines>
                <line number="61" hits="0" branch="True" condition-coverage="0% (0/4)">
                  <conditions>
                    <condition number="8" type="jump" coverage="0%" />
                    <condition number="66" type="jump" coverage="0%" />
                  </conditions>
                </line>
              </lines>
            </method>
          </methods>
          <lines>
            <line number="61" hits="0" branch="True" condition-coverage="0% (0/4)">
              <conditions>
                <condition number="8" type="jump" coverage="0%" />
                <condition number="66" type="jump" coverage="0%" />
              </conditions>
            </line>
          </lines>
        </class>
        <class name="AspNetCore.Views_Employee_Details/&lt;ExecuteAsync&gt;d__8" filename="C:\Revature\emsproj\EMS\EMS_Web\Views\Employee\Details.cshtml" line-rate="0" branch-rate="0" complexity="10">
          <methods>
            <method name="MoveNext" signature="()" line-rate="0" branch-rate="0">
              <lines>
                <line number="4" hits="0" branch="True" condition-coverage="0% (0/2)">
                  <conditions>
                    <condition number="14" type="jump" coverage="0%" />
                  </conditions>
                </line>
                <line number="15" hits="0" branch="False" />
                <line number="18" hits="0" branch="True" condition-coverage="0% (0/2)">
                  <conditions>
                    <condition number="161" type="jump" coverage="0%" />
                  </conditions>
                </line>
                <line number="19" hits="0" branch="False" />
                <line number="20" hits="0" branch="False" />
                <line number="21" hits="0" branch="False" />
                <line number="23" hits="0" branch="False" />
                <line number="24" hits="0" branch="False" />
                <line number="25" hits="0" branch="False" />
                <line number="29" hits="0" branch="False" />
                <line number="32" hits="0" branch="False" />
                <line number="35" hits="0" branch="False" />
                <line number="38" hits="0" branch="False" />
                <line number="41" hits="0" branch="False" />
                <line number="44" hits="0" branch="False" />
                <line number="47" hits="0" branch="False" />
                <line number="50" hits="0" branch="False" />
                <line number="53" hits="0" branch="False" />
                <line number="56" hits="0" branch="False" />
                <line number="61" hits="0" branch="True" condition-coverage="0% (0/6)">
                  <conditions>
                    <condition number="1896" type="jump" coverage="0%" />
                    <condition number="2002" type="jump" coverage="0%" />
                    <condition number="2035" type="jump" coverage="0%" />
                  </conditions>
                </line>
              </lines>
            </method>
          </methods>
          <lines>
            <line number="4" hits="0" branch="True" condition-coverage="0% (0/2)">
              <conditions>
                <condition number="14" type="jump" coverage="0%" />
              </conditions>
            </line>
            <line number="15" hits="0" branch="False" />
            <line number="18" hits="0" branch="True" condition-coverage="0% (0/2)">
              <conditions>
                <condition number="161" type="jump" coverage="0%" />
              </conditions>
            </line>
            <line number="19" hits="0" branch="False" />
            <line number="20" hits="0" branch="False" />
            <line number="21" hits="0" branch="False" />
            <line number="23" hits="0" branch="False" />
            <line number="24" hits="0" branch="False" />
            <line number="25" hits="0" branch="False" />
            <line number="29" hits="0" branch="False" />
            <line number="32" hits="0" branch="False" />
            <line number="35" hits="0" branch="False" />
            <line number="38" hits="0" branch="False" />
            <line number="41" hits="0" branch="False" />
            <line number="44" hits="0" branch="False" />
            <line number="47" hits="0" branch="False" />
            <line number="50" hits="0" branch="False" />
            <line number="53" hits="0" branch="False" />
            <line number="56" hits="0" branch="False" />
            <line number="61" hits="0" branch="True" condition-coverage="0% (0/6)">
              <conditions>
                <condition number="1896" type="jump" coverage="0%" />
                <condition number="2002" type="jump" coverage="0%" />
                <condition number="2035" type="jump" coverage="0%" />
              </conditions>
            </line>
          </lines>
        </class>
        <class name="AspNetCore.Views_Employee_Index/&lt;ExecuteAsync&gt;d__8" filename="C:\Revature\emsproj\EMS\EMS_Web\Views\Employee\Index.cshtml" line-rate="0" branch-rate="0" complexity="10">
          <methods>
            <method name="MoveNext" signature="()" line-rate="0" branch-rate="0">
              <lines>
                <line number="4" hits="0" branch="True" condition-coverage="0% (0/8)">
                  <conditions>
                    <condition number="14" type="jump" coverage="0%" />
                    <condition number="306" type="jump" coverage="0%" />
                    <condition number="409" type="jump" coverage="0%" />
                    <condition number="442" type="jump" coverage="0%" />
                  </conditions>
                </line>
                <line number="17" hits="0" branch="False" />
                <line number="20" hits="0" branch="False" />
                <line number="23" hits="0" branch="False" />
                <line number="26" hits="0" branch="False" />
                <line number="32" hits="0" branch="True" condition-coverage="0% (0/2)">
                  <conditions>
                    <condition number="1864" type="jump" coverage="0%" />
                  </conditions>
                </line>
                <line number="35" hits="0" branch="False" />
                <line number="38" hits="0" branch="False" />
                <line number="41" hits="0" branch="False" />
                <line number="44" hits="0" branch="False" />
                <line number="47" hits="0" branch="False" />
                <line number="48" hits="0" branch="False" />
                <line number="49" hits="0" branch="False" />
                <line number="52" hits="0" branch="False" />
              </lines>
            </method>
          </methods>
          <lines>
            <line number="4" hits="0" branch="True" condition-coverage="0% (0/8)">
              <conditions>
                <condition number="14" type="jump" coverage="0%" />
                <condition number="306" type="jump" coverage="0%" />
                <condition number="409" type="jump" coverage="0%" />
                <condition number="442" type="jump" coverage="0%" />
              </conditions>
            </line>
            <line number="17" hits="0" branch="False" />
            <line number="20" hits="0" branch="False" />
            <line number="23" hits="0" branch="False" />
            <line number="26" hits="0" branch="False" />
            <line number="32" hits="0" branch="True" condition-coverage="0% (0/2)">
              <conditions>
                <condition number="1864" type="jump" coverage="0%" />
              </conditions>
            </line>
            <line number="35" hits="0" branch="False" />
            <line number="38" hits="0" branch="False" />
            <line number="41" hits="0" branch="False" />
            <line number="44" hits="0" branch="False" />
            <line number="47" hits="0" branch="False" />
            <line number="48" hits="0" branch="False" />
            <line number="49" hits="0" branch="False" />
            <line number="52" hits="0" branch="False" />
          </lines>
        </class>
        <class name="AspNetCore.Views_Home_Index/&lt;ExecuteAsync&gt;d__0" filename="C:\Revature\emsproj\EMS\EMS_Web\Views\Home\Index.cshtml" line-rate="0" branch-rate="0" complexity="2">
          <methods>
            <method name="MoveNext" signature="()" line-rate="0" branch-rate="0">
              <lines>
                <line number="2" hits="0" branch="False" />
                <line number="9" hits="0" branch="True" condition-coverage="0% (0/2)">
                  <conditions>
                    <condition number="149" type="jump" coverage="0%" />
                  </conditions>
                </line>
              </lines>
            </method>
          </methods>
          <lines>
            <line number="2" hits="0" branch="False" />
            <line number="9" hits="0" branch="True" condition-coverage="0% (0/2)">
              <conditions>
                <condition number="149" type="jump" coverage="0%" />
              </conditions>
            </line>
          </lines>
        </class>
        <class name="AspNetCore.Views_Home_Privacy/&lt;ExecuteAsync&gt;d__0" filename="C:\Revature\emsproj\EMS\EMS_Web\Views\Home\Privacy.cshtml" line-rate="0" branch-rate="1" complexity="1">
          <methods>
            <method name="MoveNext" signature="()" line-rate="0" branch-rate="1">
              <lines>
                <line number="2" hits="0" branch="False" />
                <line number="4" hits="0" branch="False" />
              </lines>
            </method>
          </methods>
          <lines>
            <line number="2" hits="0" branch="False" />
            <line number="4" hits="0" branch="False" />
          </lines>
        </class>
        <class name="AspNetCore.Views_Shared_Error/&lt;ExecuteAsync&gt;d__0" filename="C:\Revature\emsproj\EMS\EMS_Web\Views\Shared\Error.cshtml" line-rate="0" branch-rate="1" complexity="1">
          <methods>
            <method name="MoveNext" signature="()" line-rate="0" branch-rate="1">
              <lines>
                <line number="3" hits="0" branch="False" />
                <line number="9" hits="0" branch="False" />
                <line number="10" hits="0" branch="False" />
                <line number="12" hits="0" branch="False" />
                <line number="14" hits="0" branch="False" />
              </lines>
            </method>
          </methods>
          <lines>
            <line number="3" hits="0" branch="False" />
            <line number="9" hits="0" branch="False" />
            <line number="10" hits="0" branch="False" />
            <line number="12" hits="0" branch="False" />
            <line number="14" hits="0" branch="False" />
          </lines>
        </class>
        <class name="AspNetCore.Views_Shared__Layout/&lt;&lt;ExecuteAsync&gt;b__23_0&gt;d" filename="C:\Revature\emsproj\EMS\EMS_Web\Views\Shared\_Layout.cshtml" line-rate="0" branch-rate="0" complexity="21">
          <methods>
            <method name="MoveNext" signature="()" line-rate="0" branch-rate="0">
              <lines>
                <line number="6" hits="0" branch="True" condition-coverage="0% (0/21)">
                  <conditions>
                    <condition number="8" type="switch" coverage="0%" />
                    <condition number="153" type="jump" coverage="0%" />
                    <condition number="322" type="jump" coverage="0%" />
                    <condition number="425" type="jump" coverage="0%" />
                    <condition number="458" type="jump" coverage="0%" />
                    <condition number="644" type="jump" coverage="0%" />
                    <condition number="814" type="jump" coverage="0%" />
                    <condition number="921" type="jump" coverage="0%" />
                    <condition number="954" type="jump" coverage="0%" />
                  </conditions>
                </line>
              </lines>
            </method>
          </methods>
          <lines>
            <line number="6" hits="0" branch="True" condition-coverage="0% (0/21)">
              <conditions>
                <condition number="8" type="switch" coverage="0%" />
                <condition number="153" type="jump" coverage="0%" />
                <condition number="322" type="jump" coverage="0%" />
                <condition number="425" type="jump" coverage="0%" />
                <condition number="458" type="jump" coverage="0%" />
                <condition number="644" type="jump" coverage="0%" />
                <condition number="814" type="jump" coverage="0%" />
                <condition number="921" type="jump" coverage="0%" />
                <condition number="954" type="jump" coverage="0%" />
              </conditions>
            </line>
          </lines>
        </class>
        <class name="AspNetCore.Views_Shared__Layout/&lt;&lt;ExecuteAsync&gt;b__23_1&gt;d" filename="C:\Revature\emsproj\EMS\EMS_Web\Views\Shared\_Layout.cshtml" line-rate="0" branch-rate="0" complexity="63">
          <methods>
            <method name="MoveNext" signature="()" line-rate="0" branch-rate="0">
              <lines>
                <line number="34" hits="0" branch="True" condition-coverage="0% (0/57)">
                  <conditions>
                    <condition number="8" type="switch" coverage="0%" />
                    <condition number="488" type="jump" coverage="0%" />
                    <condition number="591" type="jump" coverage="0%" />
                    <condition number="624" type="jump" coverage="0%" />
                    <condition number="1106" type="jump" coverage="0%" />
                    <condition number="1213" type="jump" coverage="0%" />
                    <condition number="1246" type="jump" coverage="0%" />
                    <condition number="1728" type="jump" coverage="0%" />
                    <condition number="1835" type="jump" coverage="0%" />
                    <condition number="1868" type="jump" coverage="0%" />
                    <condition number="2368" type="jump" coverage="0%" />
                    <condition number="2475" type="jump" coverage="0%" />
                    <condition number="2508" type="jump" coverage="0%" />
                    <condition number="2694" type="jump" coverage="0%" />
                    <condition number="2842" type="jump" coverage="0%" />
                    <condition number="2949" type="jump" coverage="0%" />
                    <condition number="2982" type="jump" coverage="0%" />
                    <condition number="3169" type="jump" coverage="0%" />
                    <condition number="3317" type="jump" coverage="0%" />
                    <condition number="3425" type="jump" coverage="0%" />
                    <condition number="3458" type="jump" coverage="0%" />
                    <condition number="3645" type="jump" coverage="0%" />
                  </conditions>
                </line>
                <line number="45" hits="0" branch="True" condition-coverage="0% (0/6)">
                  <conditions>
                    <condition number="3942" type="jump" coverage="0%" />
                    <condition number="4050" type="jump" coverage="0%" />
                    <condition number="4083" type="jump" coverage="0%" />
                  </conditions>
                </line>
                <line number="46" hits="0" branch="False" />
              </lines>
            </method>
          </methods>
          <lines>
            <line number="34" hits="0" branch="True" condition-coverage="0% (0/57)">
              <conditions>
                <condition number="8" type="switch" coverage="0%" />
                <condition number="488" type="jump" coverage="0%" />
                <condition number="591" type="jump" coverage="0%" />
                <condition number="624" type="jump" coverage="0%" />
                <condition number="1106" type="jump" coverage="0%" />
                <condition number="1213" type="jump" coverage="0%" />
                <condition number="1246" type="jump" coverage="0%" />
                <condition number="1728" type="jump" coverage="0%" />
                <condition number="1835" type="jump" coverage="0%" />
                <condition number="1868" type="jump" coverage="0%" />
                <condition number="2368" type="jump" coverage="0%" />
                <condition number="2475" type="jump" coverage="0%" />
                <condition number="2508" type="jump" coverage="0%" />
                <condition number="2694" type="jump" coverage="0%" />
                <condition number="2842" type="jump" coverage="0%" />
                <condition number="2949" type="jump" coverage="0%" />
                <condition number="2982" type="jump" coverage="0%" />
                <condition number="3169" type="jump" coverage="0%" />
                <condition number="3317" type="jump" coverage="0%" />
                <condition number="3425" type="jump" coverage="0%" />
                <condition number="3458" type="jump" coverage="0%" />
                <condition number="3645" type="jump" coverage="0%" />
              </conditions>
            </line>
            <line number="45" hits="0" branch="True" condition-coverage="0% (0/6)">
              <conditions>
                <condition number="3942" type="jump" coverage="0%" />
                <condition number="4050" type="jump" coverage="0%" />
                <condition number="4083" type="jump" coverage="0%" />
              </conditions>
            </line>
            <line number="46" hits="0" branch="False" />
          </lines>
        </class>
        <class name="AspNetCore.Views__ViewStart/&lt;ExecuteAsync&gt;d__0" filename="C:\Revature\emsproj\EMS\EMS_Web\Views\_ViewStart.cshtml" line-rate="0" branch-rate="1" complexity="1">
          <methods>
            <method name="MoveNext" signature="()" line-rate="0" branch-rate="1">
              <lines>
                <line number="2" hits="0" branch="False" />
              </lines>
            </method>
          </methods>
          <lines>
            <line number="2" hits="0" branch="False" />
          </lines>
        </class>
      </classes>
    </package>
  </packages>
</coverage>